/content/261-mini-project/model
Downloading: "https://download.pytorch.org/models/resnet50-11ad3fa6.pth" to /root/.cache/torch/hub/checkpoints/resnet50-11ad3fa6.pth
100% 97.8M/97.8M [00:00<00:00, 260MB/s]
Training resnet50 | backbone_lr=0.0001 head_lr=0.001 | label_smoothing=0.1 | warmup=5 epochs | grad_clip=1.0 | amp=True
Epoch 1/30 | train_loss=4.5175 | val_acc=0.1825 | val_loss=4.3988 | lr_backbone=2.08e-05 | lr_head=2.08e-04
Epoch 2/30 | train_loss=2.7937 | val_acc=0.8243 | val_loss=1.0329 | lr_backbone=4.06e-05 | lr_head=4.06e-04
Epoch 3/30 | train_loss=1.2332 | val_acc=0.9382 | val_loss=0.3705 | lr_backbone=6.04e-05 | lr_head=6.04e-04
Epoch 4/30 | train_loss=0.9939 | val_acc=0.9502 | val_loss=0.3455 | lr_backbone=8.02e-05 | lr_head=8.02e-04
Epoch 5/30 | train_loss=0.9302 | val_acc=0.9457 | val_loss=0.3413 | lr_backbone=1.00e-04 | lr_head=1.00e-03
Epoch 6/30 | train_loss=0.9028 | val_acc=0.9427 | val_loss=0.3472 | lr_backbone=9.96e-05 | lr_head=9.96e-04
Epoch 7/30 | train_loss=0.8850 | val_acc=0.9465 | val_loss=0.3250 | lr_backbone=9.84e-05 | lr_head=9.84e-04
Epoch 8/30 | train_loss=0.8695 | val_acc=0.9525 | val_loss=0.3026 | lr_backbone=9.65e-05 | lr_head=9.65e-04
Epoch 9/30 | train_loss=0.8491 | val_acc=0.9472 | val_loss=0.2984 | lr_backbone=9.38e-05 | lr_head=9.38e-04
Epoch 10/30 | train_loss=0.8411 | val_acc=0.9563 | val_loss=0.2874 | lr_backbone=9.05e-05 | lr_head=9.05e-04
Epoch 11/30 | train_loss=0.8321 | val_acc=0.9608 | val_loss=0.2637 | lr_backbone=8.64e-05 | lr_head=8.64e-04
Epoch 12/30 | train_loss=0.8246 | val_acc=0.9563 | val_loss=0.2837 | lr_backbone=8.19e-05 | lr_head=8.19e-04
Epoch 13/30 | train_loss=0.8245 | val_acc=0.9593 | val_loss=0.2837 | lr_backbone=7.68e-05 | lr_head=7.68e-04
Epoch 14/30 | train_loss=0.8208 | val_acc=0.9630 | val_loss=0.2538 | lr_backbone=7.13e-05 | lr_head=7.13e-04
Epoch 15/30 | train_loss=0.8112 | val_acc=0.9600 | val_loss=0.2696 | lr_backbone=6.55e-05 | lr_head=6.55e-04
Epoch 16/30 | train_loss=0.8109 | val_acc=0.9623 | val_loss=0.2665 | lr_backbone=5.94e-05 | lr_head=5.94e-04
Epoch 17/30 | train_loss=0.8060 | val_acc=0.9623 | val_loss=0.2597 | lr_backbone=5.31e-05 | lr_head=5.31e-04
Epoch 18/30 | train_loss=0.8032 | val_acc=0.9630 | val_loss=0.2618 | lr_backbone=4.69e-05 | lr_head=4.69e-04
Epoch 19/30 | train_loss=0.8002 | val_acc=0.9683 | val_loss=0.2424 | lr_backbone=4.06e-05 | lr_head=4.06e-04
Epoch 20/30 | train_loss=0.7981 | val_acc=0.9683 | val_loss=0.2476 | lr_backbone=3.45e-05 | lr_head=3.45e-04
Epoch 21/30 | train_loss=0.7990 | val_acc=0.9661 | val_loss=0.2389 | lr_backbone=2.87e-05 | lr_head=2.87e-04
Epoch 22/30 | train_loss=0.7963 | val_acc=0.9676 | val_loss=0.2418 | lr_backbone=2.32e-05 | lr_head=2.32e-04
Epoch 23/30 | train_loss=0.7953 | val_acc=0.9683 | val_loss=0.2397 | lr_backbone=1.81e-05 | lr_head=1.81e-04
Epoch 24/30 | train_loss=0.7941 | val_acc=0.9721 | val_loss=0.2385 | lr_backbone=1.36e-05 | lr_head=1.36e-04
Epoch 25/30 | train_loss=0.7920 | val_acc=0.9736 | val_loss=0.2294 | lr_backbone=9.55e-06 | lr_head=9.55e-05
Epoch 26/30 | train_loss=0.7922 | val_acc=0.9729 | val_loss=0.2363 | lr_backbone=6.18e-06 | lr_head=6.18e-05
Epoch 27/30 | train_loss=0.7903 | val_acc=0.9698 | val_loss=0.2292 | lr_backbone=3.51e-06 | lr_head=3.51e-05
Epoch 28/30 | train_loss=0.7890 | val_acc=0.9729 | val_loss=0.2266 | lr_backbone=1.57e-06 | lr_head=1.57e-05
Epoch 29/30 | train_loss=0.7906 | val_acc=0.9713 | val_loss=0.2300 | lr_backbone=3.94e-07 | lr_head=3.94e-06
Epoch 30/30 | train_loss=0.7895 | val_acc=0.9706 | val_loss=0.2307 | lr_backbone=0.00e+00 | lr_head=0.00e+00
Early stopping at epoch 30 (no improvement for 5 epochs)

Best val accuracy: 0.9736
Checkpoint saved to /content/261-mini-project/checkpoints/resnet50/best.pt
Downloading: "https://download.pytorch.org/models/efficientnet_b2_rwightman-c35c1473.pth" to /root/.cache/torch/hub/checkpoints/efficientnet_b2_rwightman-c35c1473.pth
100% 35.2M/35.2M [00:00<00:00, 131MB/s] 
Training efficientnet_b2 | backbone_lr=0.0001 head_lr=0.001 | label_smoothing=0.1 | warmup=5 epochs | grad_clip=1.0 | amp=True
Epoch 1/30 | train_loss=4.5666 | val_acc=0.1094 | val_loss=4.4924 | lr_backbone=2.08e-05 | lr_head=2.08e-04
Epoch 2/30 | train_loss=3.2537 | val_acc=0.7896 | val_loss=2.0750 | lr_backbone=4.06e-05 | lr_head=4.06e-04
Epoch 3/30 | train_loss=1.5391 | val_acc=0.9268 | val_loss=0.5119 | lr_backbone=6.04e-05 | lr_head=6.04e-04
Epoch 4/30 | train_loss=1.0676 | val_acc=0.9472 | val_loss=0.3711 | lr_backbone=8.02e-05 | lr_head=8.02e-04
Epoch 5/30 | train_loss=0.9766 | val_acc=0.9540 | val_loss=0.3316 | lr_backbone=1.00e-04 | lr_head=1.00e-03
Epoch 6/30 | train_loss=0.9338 | val_acc=0.9548 | val_loss=0.3211 | lr_backbone=9.96e-05 | lr_head=9.96e-04
Epoch 7/30 | train_loss=0.9050 | val_acc=0.9510 | val_loss=0.3128 | lr_backbone=9.84e-05 | lr_head=9.84e-04
Epoch 8/30 | train_loss=0.8874 | val_acc=0.9638 | val_loss=0.2840 | lr_backbone=9.65e-05 | lr_head=9.65e-04
Epoch 9/30 | train_loss=0.8748 | val_acc=0.9623 | val_loss=0.2846 | lr_backbone=9.38e-05 | lr_head=9.38e-04
Epoch 10/30 | train_loss=0.8635 | val_acc=0.9623 | val_loss=0.2807 | lr_backbone=9.05e-05 | lr_head=9.05e-04
Epoch 11/30 | train_loss=0.8563 | val_acc=0.9653 | val_loss=0.2662 | lr_backbone=8.64e-05 | lr_head=8.64e-04
Epoch 12/30 | train_loss=0.8505 | val_acc=0.9615 | val_loss=0.2885 | lr_backbone=8.19e-05 | lr_head=8.19e-04
Epoch 13/30 | train_loss=0.8465 | val_acc=0.9661 | val_loss=0.2789 | lr_backbone=7.68e-05 | lr_head=7.68e-04
Epoch 14/30 | train_loss=0.8402 | val_acc=0.9676 | val_loss=0.2736 | lr_backbone=7.13e-05 | lr_head=7.13e-04
Epoch 15/30 | train_loss=0.8373 | val_acc=0.9676 | val_loss=0.2598 | lr_backbone=6.55e-05 | lr_head=6.55e-04
Epoch 16/30 | train_loss=0.8299 | val_acc=0.9698 | val_loss=0.2675 | lr_backbone=5.94e-05 | lr_head=5.94e-04
Epoch 17/30 | train_loss=0.8287 | val_acc=0.9661 | val_loss=0.2660 | lr_backbone=5.31e-05 | lr_head=5.31e-04
Epoch 18/30 | train_loss=0.8238 | val_acc=0.9676 | val_loss=0.2641 | lr_backbone=4.69e-05 | lr_head=4.69e-04
Epoch 19/30 | train_loss=0.8226 | val_acc=0.9653 | val_loss=0.2517 | lr_backbone=4.06e-05 | lr_head=4.06e-04
Epoch 20/30 | train_loss=0.8209 | val_acc=0.9683 | val_loss=0.2564 | lr_backbone=3.45e-05 | lr_head=3.45e-04
Epoch 21/30 | train_loss=0.8216 | val_acc=0.9691 | val_loss=0.2548 | lr_backbone=2.87e-05 | lr_head=2.87e-04
Early stopping at epoch 21 (no improvement for 5 epochs)

Best val accuracy: 0.9698
Checkpoint saved to /content/261-mini-project/checkpoints/efficientnet_b2/best.pt
Downloading: "https://download.pytorch.org/models/vit_b_16-c867db91.pth" to /root/.cache/torch/hub/checkpoints/vit_b_16-c867db91.pth
100% 330M/330M [00:01<00:00, 288MB/s]
Training vit_b_16 | backbone_lr=0.0001 head_lr=0.001 | label_smoothing=0.1 | warmup=5 epochs | grad_clip=1.0 | amp=True
Epoch 1/30 | train_loss=4.2858 | val_acc=0.2496 | val_loss=3.7545 | lr_backbone=2.08e-05 | lr_head=2.08e-04
Epoch 2/30 | train_loss=1.8806 | val_acc=0.9336 | val_loss=0.4586 | lr_backbone=4.06e-05 | lr_head=4.06e-04
Epoch 3/30 | train_loss=0.9881 | val_acc=0.9570 | val_loss=0.2849 | lr_backbone=6.04e-05 | lr_head=6.04e-04
Epoch 4/30 | train_loss=0.9162 | val_acc=0.9427 | val_loss=0.3154 | lr_backbone=8.02e-05 | lr_head=8.02e-04
Epoch 5/30 | train_loss=0.9157 | val_acc=0.9367 | val_loss=0.3347 | lr_backbone=1.00e-04 | lr_head=1.00e-03
Epoch 6/30 | train_loss=0.9112 | val_acc=0.9434 | val_loss=0.3477 | lr_backbone=9.96e-05 | lr_head=9.96e-04
Epoch 7/30 | train_loss=0.9146 | val_acc=0.9449 | val_loss=0.3075 | lr_backbone=9.84e-05 | lr_head=9.84e-04
Epoch 8/30 | train_loss=0.9059 | val_acc=0.9344 | val_loss=0.3582 | lr_backbone=9.65e-05 | lr_head=9.65e-04
Early stopping at epoch 8 (no improvement for 5 epochs)

Best val accuracy: 0.9570
Checkpoint saved to /content/261-mini-project/checkpoints/vit_b_16/best.pt
Downloading: "https://download.pytorch.org/models/convnext_tiny-983f1562.pth" to /root/.cache/torch/hub/checkpoints/convnext_tiny-983f1562.pth
100% 109M/109M [00:00<00:00, 185MB/s]
Training convnext_tiny | backbone_lr=0.0001 head_lr=0.001 | label_smoothing=0.1 | warmup=5 epochs | grad_clip=1.0 | amp=True
Epoch 1/30 | train_loss=4.5632 | val_acc=0.1094 | val_loss=4.3921 | lr_backbone=2.08e-05 | lr_head=2.08e-04
Epoch 2/30 | train_loss=2.5994 | val_acc=0.9050 | val_loss=0.8333 | lr_backbone=4.06e-05 | lr_head=4.06e-04
Epoch 3/30 | train_loss=1.0815 | val_acc=0.9525 | val_loss=0.2693 | lr_backbone=6.04e-05 | lr_head=6.04e-04
Epoch 4/30 | train_loss=0.9142 | val_acc=0.9646 | val_loss=0.2456 | lr_backbone=8.02e-05 | lr_head=8.02e-04
Epoch 5/30 | train_loss=0.8669 | val_acc=0.9630 | val_loss=0.2449 | lr_backbone=1.00e-04 | lr_head=1.00e-03
Epoch 6/30 | train_loss=0.8556 | val_acc=0.9661 | val_loss=0.2262 | lr_backbone=9.96e-05 | lr_head=9.96e-04
Epoch 7/30 | train_loss=0.8389 | val_acc=0.9698 | val_loss=0.2342 | lr_backbone=9.84e-05 | lr_head=9.84e-04
Epoch 8/30 | train_loss=0.8246 | val_acc=0.9691 | val_loss=0.2315 | lr_backbone=9.65e-05 | lr_head=9.65e-04
Epoch 9/30 | train_loss=0.8194 | val_acc=0.9698 | val_loss=0.2209 | lr_backbone=9.38e-05 | lr_head=9.38e-04
Epoch 10/30 | train_loss=0.8109 | val_acc=0.9698 | val_loss=0.2330 | lr_backbone=9.05e-05 | lr_head=9.05e-04
Epoch 11/30 | train_loss=0.8087 | val_acc=0.9721 | val_loss=0.2185 | lr_backbone=8.64e-05 | lr_head=8.64e-04
Epoch 12/30 | train_loss=0.8043 | val_acc=0.9698 | val_loss=0.2261 | lr_backbone=8.19e-05 | lr_head=8.19e-04
Epoch 13/30 | train_loss=0.8052 | val_acc=0.9744 | val_loss=0.2071 | lr_backbone=7.68e-05 | lr_head=7.68e-04
Epoch 14/30 | train_loss=0.7998 | val_acc=0.9759 | val_loss=0.2044 | lr_backbone=7.13e-05 | lr_head=7.13e-04
Epoch 15/30 | train_loss=0.7931 | val_acc=0.9736 | val_loss=0.2162 | lr_backbone=6.55e-05 | lr_head=6.55e-04
Epoch 16/30 | train_loss=0.7931 | val_acc=0.9661 | val_loss=0.2157 | lr_backbone=5.94e-05 | lr_head=5.94e-04
Epoch 17/30 | train_loss=0.7914 | val_acc=0.9759 | val_loss=0.1968 | lr_backbone=5.31e-05 | lr_head=5.31e-04
Epoch 18/30 | train_loss=0.7931 | val_acc=0.9729 | val_loss=0.1996 | lr_backbone=4.69e-05 | lr_head=4.69e-04
Epoch 19/30 | train_loss=0.7896 | val_acc=0.9766 | val_loss=0.2036 | lr_backbone=4.06e-05 | lr_head=4.06e-04
Epoch 20/30 | train_loss=0.7873 | val_acc=0.9736 | val_loss=0.1989 | lr_backbone=3.45e-05 | lr_head=3.45e-04
Epoch 21/30 | train_loss=0.7880 | val_acc=0.9766 | val_loss=0.1991 | lr_backbone=2.87e-05 | lr_head=2.87e-04
Epoch 22/30 | train_loss=0.7902 | val_acc=0.9721 | val_loss=0.2110 | lr_backbone=2.32e-05 | lr_head=2.32e-04
Epoch 23/30 | train_loss=0.7862 | val_acc=0.9759 | val_loss=0.1972 | lr_backbone=1.81e-05 | lr_head=1.81e-04
Epoch 24/30 | train_loss=0.7865 | val_acc=0.9759 | val_loss=0.1909 | lr_backbone=1.36e-05 | lr_head=1.36e-04
Early stopping at epoch 24 (no improvement for 5 epochs)

Best val accuracy: 0.9766
Checkpoint saved to /content/261-mini-project/checkpoints/convnext_tiny/best.pt
Downloading: "https://download.pytorch.org/models/resnet18-f37072fd.pth" to /root/.cache/torch/hub/checkpoints/resnet18-f37072fd.pth
100% 44.7M/44.7M [00:00<00:00, 265MB/s]
Extracting train features...
Extracting features: 100% 199/199 [00:08<00:00, 23.79it/s]
Extracting val features...
Extracting features: 100% 42/42 [00:00<00:00, 48.80it/s]
Extracting test features...
Extracting features: 100% 46/46 [00:00<00:00, 49.05it/s]
Train: (6352, 512), Val: (1326, 512), Test: (1466, 512)
Training SVM...
Val accuracy: 0.8989
Test accuracy: 0.9045
Saved to /content/261-mini-project/checkpoints/svm_resnet_features/svm.joblib

[ ]
!python experiment/run_ablations.py

############################################################
# Running: ablation_image_size.py
############################################################

Device: cuda

==================================================
  Image size: 64×64
==================================================
  Epoch 1/10 | train_loss=4.5062 | val_acc=0.0920
  Epoch 2/10 | train_loss=2.1295 | val_acc=0.8763
  Epoch 3/10 | train_loss=1.1581 | val_acc=0.9103
  Epoch 4/10 | train_loss=0.9871 | val_acc=0.9193
  Epoch 5/10 | train_loss=0.9195 | val_acc=0.9201
  Epoch 6/10 | train_loss=0.8868 | val_acc=0.9253
  Epoch 7/10 | train_loss=0.8546 | val_acc=0.9359
  Epoch 8/10 | train_loss=0.8362 | val_acc=0.9321
  Epoch 9/10 | train_loss=0.8265 | val_acc=0.9344
  Epoch 10/10 | train_loss=0.8236 | val_acc=0.9344
  Best val acc for 64×64: 0.9359

==================================================
  Image size: 128×128
==================================================
  Epoch 1/10 | train_loss=4.6132 | val_acc=0.1101
  Epoch 2/10 | train_loss=1.8568 | val_acc=0.9404
  Epoch 3/10 | train_loss=0.9836 | val_acc=0.9578
  Epoch 4/10 | train_loss=0.8843 | val_acc=0.9510
  Epoch 5/10 | train_loss=0.8499 | val_acc=0.9615
  Epoch 6/10 | train_loss=0.8279 | val_acc=0.9608
  Epoch 7/10 | train_loss=0.8192 | val_acc=0.9646
  Epoch 8/10 | train_loss=0.8048 | val_acc=0.9668
  Epoch 9/10 | train_loss=0.7997 | val_acc=0.9698
  Epoch 10/10 | train_loss=0.8008 | val_acc=0.9691
  Best val acc for 128×128: 0.9698

==================================================
  Ablation: Image Size (ConvNeXt-Tiny, 10 epochs)
==================================================
  Size            Val Acc
  ----------------------
  64×64           0.9359
  128×128          0.9698


############################################################
# Running: ablation_augmentation.py
############################################################

Device: cuda

==================================================
  Augmentation: With
==================================================
  Epoch 1/10 | train_loss=4.5861 | val_acc=0.0867
  Epoch 2/10 | train_loss=1.8289 | val_acc=0.9525
  Epoch 3/10 | train_loss=0.9551 | val_acc=0.9630
  Epoch 4/10 | train_loss=0.8712 | val_acc=0.9615
  Epoch 5/10 | train_loss=0.8427 | val_acc=0.9691
  Epoch 6/10 | train_loss=0.8202 | val_acc=0.9683
  Epoch 7/10 | train_loss=0.8106 | val_acc=0.9691
  Epoch 8/10 | train_loss=0.8020 | val_acc=0.9744
  Epoch 9/10 | train_loss=0.7995 | val_acc=0.9759
  Epoch 10/10 | train_loss=0.7955 | val_acc=0.9736
  Best val acc (With): 0.9759

==================================================
  Augmentation: Without
==================================================
  Epoch 1/10 | train_loss=4.5681 | val_acc=0.1048
  Epoch 2/10 | train_loss=1.7409 | val_acc=0.9555
  Epoch 3/10 | train_loss=0.8987 | val_acc=0.9646
  Epoch 4/10 | train_loss=0.8307 | val_acc=0.9495
  Epoch 5/10 | train_loss=0.8105 | val_acc=0.9683
  Epoch 6/10 | train_loss=0.7980 | val_acc=0.9676
  Epoch 7/10 | train_loss=0.7921 | val_acc=0.9729
  Epoch 8/10 | train_loss=0.7879 | val_acc=0.9698
  Epoch 9/10 | train_loss=0.7868 | val_acc=0.9683
  Epoch 10/10 | train_loss=0.7849 | val_acc=0.9706
  Best val acc (Without): 0.9729

==================================================
  Ablation: Augmentation (ConvNeXt-Tiny, 10 epochs)
==================================================
  Augmentation       Val Acc
  -------------------------
  With                0.9759
  Without             0.9729


############################################################
# Running: ablation_hog_vs_cnn.py
############################################################

Device: cuda

==================================================
  Feature type: CNN (ResNet-18)
==================================================
  Extracting CNN train features...
Extracting features: 100% 199/199 [00:08<00:00, 23.78it/s]
  Extracting CNN val features...
Extracting features: 100% 42/42 [00:00<00:00, 51.05it/s]
  Training SVM on CNN features...
  CNN features dim=512, val_acc=0.9027

==================================================
  Feature type: HOG
==================================================
  Extracting HOG train features...
Extracting HOG features:   0% 0/199 [00:00<?, ?it/s]/content/261-mini-project/model/experiment/ablation_hog_vs_cnn.py:51: DeprecationWarning: 'mode' parameter is deprecated and will be removed in Pillow 13 (2026-10-15)
  gray_pil = _PILImage.fromarray((gray * 255).astype(np.uint8), mode="L")
Extracting HOG features: 100% 199/199 [00:26<00:00,  7.50it/s]
  Extracting HOG val features...
Extracting HOG features: 100% 42/42 [00:05<00:00,  7.30it/s]
  Training SVM on HOG features...
  HOG features dim=8100, val_acc=0.4299

==================================================
  Ablation: HOG vs CNN Features (SVM)
==================================================
  Features                Dim    Val Acc
  ------------------------------------
  CNN (ResNet-18)         512     0.9027
  HOG                    8100     0.4299


############################################################
# Running: ablation_optimizer.py
############################################################

Device: cuda

==================================================
  Optimizer: AdamW
==================================================
  Epoch 1/10 | train_loss=4.5826 | val_acc=0.1041
  Epoch 2/10 | train_loss=1.8351 | val_acc=0.9555
  Epoch 3/10 | train_loss=0.9445 | val_acc=0.9570
  Epoch 4/10 | train_loss=0.8692 | val_acc=0.9653
  Epoch 5/10 | train_loss=0.8407 | val_acc=0.9676
  Epoch 6/10 | train_loss=0.8278 | val_acc=0.9653
  Epoch 7/10 | train_loss=0.8112 | val_acc=0.9698
  Epoch 8/10 | train_loss=0.8027 | val_acc=0.9721
  Epoch 9/10 | train_loss=0.7987 | val_acc=0.9751
  Epoch 10/10 | train_loss=0.7968 | val_acc=0.9744
  Best val acc (AdamW): 0.9751

==================================================
  Optimizer: SGD
==================================================
  Epoch 1/10 | train_loss=4.6855 | val_acc=0.0196
  Epoch 2/10 | train_loss=4.5086 | val_acc=0.2376
  Epoch 3/10 | train_loss=4.0114 | val_acc=0.2587
  Epoch 4/10 | train_loss=3.5622 | val_acc=0.3198
  Epoch 5/10 | train_loss=3.3447 | val_acc=0.3914
  Epoch 6/10 | train_loss=3.1989 | val_acc=0.4404
  Epoch 7/10 | train_loss=3.0991 | val_acc=0.4630
  Epoch 8/10 | train_loss=3.0300 | val_acc=0.4834
  Epoch 9/10 | train_loss=2.9959 | val_acc=0.4940
  Epoch 10/10 | train_loss=2.9821 | val_acc=0.4962
  Best val acc (SGD): 0.4962

==================================================
  Ablation: Optimizer (ConvNeXt-Tiny, 10 epochs)
==================================================
  Optimizer       Val Acc
  ----------------------
  AdamW            0.9751
  SGD              0.4962


============================================================
  Ablation Suite Summary
============================================================
  Experiment                    Status
  -----------------------------------
  image_size                      PASS
  augmentation                    PASS
  hog_vs_cnn                      PASS
  optimizer                       PASS
